[2024-11-21 21:28:17,834] : 1038 httpx - INFO - HTTP Request: GET https://dagshub.com/api/v1/user "HTTP/1.1 200 OK"
[2024-11-21 21:28:17,834] : 107 dagshub - INFO - Accessing as jiyadh23
[2024-11-21 21:28:18,338] : 1038 httpx - INFO - HTTP Request: GET https://dagshub.com/api/v1/repos/jiyadh23/network-security "HTTP/1.1 200 OK"
[2024-11-21 21:28:18,343] : 107 dagshub - INFO - Initialized MLflow to track repo "jiyadh23/network-security"
[2024-11-21 21:28:18,345] : 107 dagshub - INFO - Repository jiyadh23/network-security initialized!
[2024-11-21 21:28:33,127] : 98 root - INFO - Training pipeline started
[2024-11-21 21:28:33,127] : 41 root - INFO - Initiate the data ingestion
[2024-11-21 21:28:35,968] : 60 root - INFO - Performed train test split on the dataframe
[2024-11-21 21:28:35,985] : 62 root - INFO - Exited split_data_as_train_test method of DataIngestion class
[2024-11-21 21:28:35,985] : 65 root - INFO - Exporting train and test file path
[2024-11-21 21:28:36,141] : 68 root - INFO - Exported training and testing file
[2024-11-21 21:28:36,141] : 45 root - INFO - Data ingestion completed
[2024-11-21 21:28:36,141] : 52 root - INFO - Initiate the data validation
[2024-11-21 21:28:36,406] : 37 root - INFO - Required number of columns : 31
[2024-11-21 21:28:36,406] : 38 root - INFO - Dataframe has columns : 31
[2024-11-21 21:28:36,406] : 37 root - INFO - Required number of columns : 31
[2024-11-21 21:28:36,407] : 38 root - INFO - Dataframe has columns : 31
[2024-11-21 21:28:36,409] : 51 root - INFO - Required number of numerical columns : 31
[2024-11-21 21:28:36,410] : 52 root - INFO - Dataframe has numerical columns : 31
[2024-11-21 21:28:36,411] : 51 root - INFO - Required number of numerical columns : 31
[2024-11-21 21:28:36,411] : 52 root - INFO - Dataframe has numerical columns : 31
[2024-11-21 21:28:36,734] : 56 root - INFO - Data validation completed
[2024-11-21 21:28:36,734] : 63 root - INFO - Initiate the data transformation
[2024-11-21 21:28:36,734] : 65 root - INFO - Entered initiate_data_transformation method of DataTransformation class
[2024-11-21 21:28:36,734] : 67 root - INFO - Starting data transformation
[2024-11-21 21:28:36,793] : 51 root - INFO - Entered get_data_transformer_object method of transformation class
[2024-11-21 21:28:36,793] : 56 root - INFO - Initialized KNNImputer with {'missing_values': nan, 'n_neighbors': 3, 'weights': 'uniform'}
[2024-11-21 21:28:36,825] : 49 root - INFO - Entered the save_object method of MainUtils class
[2024-11-21 21:28:36,833] : 53 root - INFO - Exited the save_object method of MainUtils class
[2024-11-21 21:28:36,833] : 49 root - INFO - Entered the save_object method of MainUtils class
[2024-11-21 21:28:36,841] : 53 root - INFO - Exited the save_object method of MainUtils class
[2024-11-21 21:28:36,841] : 67 root - INFO - Data transformation completed
[2024-11-21 21:28:36,841] : 74 root - INFO - Initiate the model training
[2024-11-21 21:40:11,744] : 49 root - INFO - Entered the save_object method of MainUtils class
[2024-11-21 21:40:11,775] : 53 root - INFO - Exited the save_object method of MainUtils class
[2024-11-21 21:40:11,775] : 49 root - INFO - Entered the save_object method of MainUtils class
[2024-11-21 21:40:11,808] : 53 root - INFO - Exited the save_object method of MainUtils class
[2024-11-21 21:40:11,808] : 78 root - INFO - Model training completed
[2024-11-21 21:47:48,495] : 106 root - INFO - Training pipeline completed
