[2024-11-21 21:09:59,170] : 1038 httpx - INFO - HTTP Request: GET https://dagshub.com/api/v1/user "HTTP/1.1 200 OK"
[2024-11-21 21:09:59,170] : 107 dagshub - INFO - Accessing as jiyadh23
[2024-11-21 21:09:59,614] : 1038 httpx - INFO - HTTP Request: GET https://dagshub.com/api/v1/repos/jiyadh23/network-security "HTTP/1.1 200 OK"
[2024-11-21 21:09:59,614] : 107 dagshub - INFO - Initialized MLflow to track repo "jiyadh23/network-security"
[2024-11-21 21:09:59,614] : 107 dagshub - INFO - Repository jiyadh23/network-security initialized!
[2024-11-21 21:10:22,289] : 98 root - INFO - Training pipeline started
[2024-11-21 21:10:22,289] : 41 root - INFO - Initiate the data ingestion
[2024-11-21 21:10:25,544] : 60 root - INFO - Performed train test split on the dataframe
[2024-11-21 21:10:25,544] : 62 root - INFO - Exited split_data_as_train_test method of DataIngestion class
[2024-11-21 21:10:25,558] : 65 root - INFO - Exporting train and test file path
[2024-11-21 21:10:25,747] : 68 root - INFO - Exported training and testing file
[2024-11-21 21:10:25,747] : 45 root - INFO - Data ingestion completed
[2024-11-21 21:10:25,747] : 52 root - INFO - Initiate the data validation
[2024-11-21 21:10:25,889] : 37 root - INFO - Required number of columns : 31
[2024-11-21 21:10:25,899] : 38 root - INFO - Dataframe has columns : 31
[2024-11-21 21:10:25,899] : 37 root - INFO - Required number of columns : 31
[2024-11-21 21:10:25,899] : 38 root - INFO - Dataframe has columns : 31
[2024-11-21 21:10:25,918] : 51 root - INFO - Required number of numerical columns : 31
[2024-11-21 21:10:25,918] : 52 root - INFO - Dataframe has numerical columns : 31
[2024-11-21 21:10:25,918] : 51 root - INFO - Required number of numerical columns : 31
[2024-11-21 21:10:25,918] : 52 root - INFO - Dataframe has numerical columns : 31
[2024-11-21 21:10:26,221] : 56 root - INFO - Data validation completed
[2024-11-21 21:10:26,221] : 63 root - INFO - Initiate the data transformation
[2024-11-21 21:10:26,221] : 65 root - INFO - Entered initiate_data_transformation method of DataTransformation class
[2024-11-21 21:10:26,221] : 67 root - INFO - Starting data transformation
[2024-11-21 21:10:26,268] : 51 root - INFO - Entered get_data_transformer_object method of transformation class
[2024-11-21 21:10:26,268] : 56 root - INFO - Initialized KNNImputer with {'missing_values': nan, 'n_neighbors': 3, 'weights': 'uniform'}
[2024-11-21 21:10:26,316] : 49 root - INFO - Entered the save_object method of MainUtils class
[2024-11-21 21:10:26,331] : 53 root - INFO - Exited the save_object method of MainUtils class
[2024-11-21 21:10:26,331] : 49 root - INFO - Entered the save_object method of MainUtils class
[2024-11-21 21:10:26,335] : 53 root - INFO - Exited the save_object method of MainUtils class
[2024-11-21 21:10:26,335] : 67 root - INFO - Data transformation completed
[2024-11-21 21:10:26,335] : 74 root - INFO - Initiate the model training
[2024-11-21 21:15:24,155] : 49 root - INFO - Entered the save_object method of MainUtils class
[2024-11-21 21:15:24,173] : 53 root - INFO - Exited the save_object method of MainUtils class
[2024-11-21 21:15:24,173] : 49 root - INFO - Entered the save_object method of MainUtils class
[2024-11-21 21:15:24,187] : 53 root - INFO - Exited the save_object method of MainUtils class
[2024-11-21 21:15:24,189] : 78 root - INFO - Model training completed
